{"checkId":"16wl9rl43kclfsr3joq99","protocol":"https","successCodes":[300,301],"url":"google.com","timeoutSeconds":3,"method":"GET","phone":"0546301714","state":"up","checkOutcome":{"error":false,"responseCode":301},"lastCheck":1674223180643}
{"checkId":"16wl9rl43kclfsr3joq99","protocol":"https","successCodes":[300,301],"url":"google.com","timeoutSeconds":3,"method":"GET","phone":"0546301714","state":"up","checkOutcome":{"error":false,"responseCode":301},"lastCheck":1674223240667}
{"checkId":"16wl9rl43kclfsr3joq99","protocol":"https","successCodes":[300,301],"url":"google.com","timeoutSeconds":3,"method":"GET","phone":"0546301714","state":"up","checkOutcome":{"error":false,"responseCode":301},"lastCheck":1674223300617}
{"checkId":"16wl9rl43kclfsr3joq99","protocol":"https","successCodes":[300,301],"url":"google.com","timeoutSeconds":3,"method":"GET","phone":"0546301714","state":"up","checkOutcome":{"error":false,"responseCode":301},"lastCheck":1674223360722}
{"checkId":"16wl9rl43kclfsr3joq99","protocol":"https","successCodes":[300,301],"url":"google.com","timeoutSeconds":3,"method":"GET","phone":"0546301714","state":"up","checkOutcome":{"error":false,"responseCode":301},"lastCheck":1674223420642}
{"checkId":"16wl9rl43kclfsr3joq99","protocol":"https","successCodes":[300,301],"url":"google.com","timeoutSeconds":3,"method":"GET","phone":"0546301714","state":"up","checkOutcome":{"error":false,"responseCode":301},"lastCheck":1674223480690}
{"checkId":"16wl9rl43kclfsr3joq99","protocol":"https","successCodes":[300,301],"url":"google.com","timeoutSeconds":3,"method":"GET","phone":"0546301714","state":"up","checkOutcome":{"error":false,"responseCode":301},"lastCheck":1674223540660}
{"checkId":"16wl9rl43kclfsr3joq99","protocol":"https","successCodes":[300,301],"url":"google.com","timeoutSeconds":3,"method":"GET","phone":"0546301714","state":"up","checkOutcome":{"error":false,"responseCode":301},"lastCheck":1674223600653}
{"checkId":"16wl9rl43kclfsr3joq99","protocol":"https","successCodes":[300,301],"url":"google.com","timeoutSeconds":3,"method":"GET","phone":"0546301714","state":"up","checkOutcome":{"error":false,"responseCode":301},"lastCheck":1674223660743}
{"checkId":"16wl9rl43kclfsr3joq99","protocol":"https","successCodes":[300,301],"url":"google.com","timeoutSeconds":3,"method":"GET","phone":"0546301714","state":"up","checkOutcome":{"error":false,"responseCode":301},"lastCheck":1674223735324}
{"checkId":"16wl9rl43kclfsr3joq99","protocol":"https","successCodes":[300,301],"url":"google.com","timeoutSeconds":3,"method":"GET","phone":"0546301714","state":"up","checkOutcome":{"error":false,"responseCode":301},"lastCheck":1674223785715}
{"checkId":"16wl9rl43kclfsr3joq99","protocol":"https","successCodes":[300,301],"url":"google.com","timeoutSeconds":3,"method":"GET","phone":"0546301714","state":"up","checkOutcome":{"error":false,"responseCode":301},"lastCheck":1674223842935}
{"checkId":"16wl9rl43kclfsr3joq99","protocol":"https","successCodes":[300,301],"url":"google.com","timeoutSeconds":3,"method":"GET","phone":"0546301714","state":"up","checkOutcome":{"error":false,"responseCode":301},"lastCheck":1674223900730}
{"checkId":"16wl9rl43kclfsr3joq99","protocol":"https","successCodes":[300,301],"url":"google.com","timeoutSeconds":3,"method":"GET","phone":"0546301714","state":"up","checkOutcome":{"error":false,"responseCode":301},"lastCheck":1674223960733}
{"checkId":"16wl9rl43kclfsr3joq99","protocol":"https","successCodes":[300,301],"url":"google.com","timeoutSeconds":3,"method":"GET","phone":"0546301714","state":"up","checkOutcome":{"error":false,"responseCode":301},"lastCheck":1674224020834}
{"checkId":"16wl9rl43kclfsr3joq99","protocol":"https","successCodes":[300,301],"url":"google.com","timeoutSeconds":3,"method":"GET","phone":"0546301714","state":"up","checkOutcome":{"error":false,"responseCode":301},"lastCheck":1674224080818}
{"checkId":"16wl9rl43kclfsr3joq99","protocol":"https","successCodes":[300,301],"url":"google.com","timeoutSeconds":3,"method":"GET","phone":"0546301714","state":"up","checkOutcome":{"error":false,"responseCode":301},"lastCheck":1674224140850}
{"checkId":"16wl9rl43kclfsr3joq99","protocol":"https","successCodes":[300,301],"url":"google.com","timeoutSeconds":3,"method":"GET","phone":"0546301714","state":"up","checkOutcome":{"error":false,"responseCode":301},"lastCheck":1674224200788}
{"checkId":"16wl9rl43kclfsr3joq99","protocol":"https","successCodes":[300,301],"url":"google.com","timeoutSeconds":3,"method":"GET","phone":"0546301714","state":"up","checkOutcome":{"error":false,"responseCode":301},"lastCheck":1674224260781}
{"checkId":"16wl9rl43kclfsr3joq99","protocol":"https","successCodes":[300,301],"url":"google.com","timeoutSeconds":3,"method":"GET","phone":"0546301714","state":"up","checkOutcome":{"error":false,"responseCode":301},"lastCheck":1674224320806}
{"checkId":"16wl9rl43kclfsr3joq99","protocol":"https","successCodes":[300,301],"url":"google.com","timeoutSeconds":3,"method":"GET","phone":"0546301714","state":"up","checkOutcome":{"error":false,"responseCode":301},"lastCheck":1674224380818}
{"checkId":"16wl9rl43kclfsr3joq99","protocol":"https","successCodes":[300,301],"url":"google.com","timeoutSeconds":3,"method":"GET","phone":"0546301714","state":"up","checkOutcome":{"error":false,"responseCode":301},"lastCheck":1674224440838}
{"checkId":"16wl9rl43kclfsr3joq99","protocol":"https","successCodes":[300,301],"url":"google.com","timeoutSeconds":3,"method":"GET","phone":"0546301714","state":"up","checkOutcome":{"error":false,"responseCode":301},"lastCheck":1674224500864}
{"checkId":"16wl9rl43kclfsr3joq99","protocol":"https","successCodes":[300,301],"url":"google.com","timeoutSeconds":3,"method":"GET","phone":"0546301714","state":"up","checkOutcome":{"error":false,"responseCode":301},"lastCheck":1674224562742}
{"checkId":"16wl9rl43kclfsr3joq99","protocol":"https","successCodes":[300,301],"url":"google.com","timeoutSeconds":3,"method":"GET","phone":"0546301714","state":"up","checkOutcome":{"error":false,"responseCode":301},"lastCheck":1674224620814}
{"checkId":"16wl9rl43kclfsr3joq99","protocol":"https","successCodes":[300,301],"url":"google.com","timeoutSeconds":3,"method":"GET","phone":"0546301714","state":"up","checkOutcome":{"error":false,"responseCode":301},"lastCheck":1674224680874}
{"checkId":"16wl9rl43kclfsr3joq99","protocol":"https","successCodes":[300,301],"url":"google.com","timeoutSeconds":3,"method":"GET","phone":"0546301714","state":"up","checkOutcome":{"error":false,"responseCode":301},"lastCheck":1674224740831}
{"checkId":"16wl9rl43kclfsr3joq99","protocol":"https","successCodes":[300,301],"url":"google.com","timeoutSeconds":3,"method":"GET","phone":"0546301714","state":"up","checkOutcome":{"error":false,"responseCode":301},"lastCheck":1674224803869}
{"checkId":"16wl9rl43kclfsr3joq99","protocol":"https","successCodes":[300,301],"url":"google.com","timeoutSeconds":3,"method":"GET","phone":"0546301714","state":"up","checkOutcome":{"error":false,"responseCode":301},"lastCheck":1674224867418}
{"checkId":"16wl9rl43kclfsr3joq99","protocol":"https","successCodes":[300,301],"url":"google.com","timeoutSeconds":3,"method":"GET","phone":"0546301714","state":"up","checkOutcome":{"error":false,"responseCode":301},"lastCheck":1674224923317}
{"checkId":"16wl9rl43kclfsr3joq99","protocol":"https","successCodes":[300,301],"url":"google.com","timeoutSeconds":3,"method":"GET","phone":"0546301714","state":"up","checkOutcome":{"error":false,"responseCode":301},"lastCheck":1674224988665}
{"checkId":"16wl9rl43kclfsr3joq99","protocol":"https","successCodes":[300,301],"url":"google.com","timeoutSeconds":3,"method":"GET","phone":"0546301714","state":"up","checkOutcome":{"error":false,"responseCode":301},"lastCheck":1674225043278}
{"checkId":"16wl9rl43kclfsr3joq99","protocol":"https","successCodes":[300,301],"url":"google.com","timeoutSeconds":3,"method":"GET","phone":"0546301714","state":"up","checkOutcome":{"error":false,"responseCode":301},"lastCheck":1674225101014}
{"checkId":"16wl9rl43kclfsr3joq99","protocol":"https","successCodes":[300,301],"url":"google.com","timeoutSeconds":3,"method":"GET","phone":"0546301714","state":"up","checkOutcome":{"error":false,"responseCode":301},"lastCheck":1674225161014}
{"checkId":"16wl9rl43kclfsr3joq99","protocol":"https","successCodes":[300,301],"url":"google.com","timeoutSeconds":3,"method":"GET","phone":"0546301714","state":"up","checkOutcome":{"error":false,"responseCode":301},"lastCheck":1674225221022}
{"checkId":"16wl9rl43kclfsr3joq99","protocol":"https","successCodes":[300,301],"url":"google.com","timeoutSeconds":3,"method":"GET","phone":"0546301714","state":"up","checkOutcome":{"error":false,"responseCode":301},"lastCheck":1674225281130}
{"checkId":"16wl9rl43kclfsr3joq99","protocol":"https","successCodes":[300,301],"url":"google.com","timeoutSeconds":3,"method":"GET","phone":"0546301714","state":"up","checkOutcome":{"error":false,"responseCode":301},"lastCheck":1674225341082}
{"checkId":"16wl9rl43kclfsr3joq99","protocol":"https","successCodes":[300,301],"url":"google.com","timeoutSeconds":3,"method":"GET","phone":"0546301714","state":"up","checkOutcome":{"error":false,"responseCode":301},"lastCheck":1674225401498}
{"checkId":"16wl9rl43kclfsr3joq99","protocol":"https","successCodes":[300,301],"url":"google.com","timeoutSeconds":3,"method":"GET","phone":"0546301714","state":"up","checkOutcome":{"error":false,"responseCode":301},"lastCheck":1674225461049}
{"checkId":"16wl9rl43kclfsr3joq99","protocol":"https","successCodes":[300,301],"url":"google.com","timeoutSeconds":3,"method":"GET","phone":"0546301714","state":"up","checkOutcome":{"error":false,"responseCode":301},"lastCheck":1674225521174}
{"checkId":"16wl9rl43kclfsr3joq99","protocol":"https","successCodes":[300,301],"url":"google.com","timeoutSeconds":3,"method":"GET","phone":"0546301714","state":"up","checkOutcome":{"error":false,"responseCode":301},"lastCheck":1674225581375}
{"checkId":"16wl9rl43kclfsr3joq99","protocol":"https","successCodes":[300,301],"url":"google.com","timeoutSeconds":3,"method":"GET","phone":"0546301714","state":"up","checkOutcome":{"error":false,"responseCode":301},"lastCheck":1674225641020}
{"checkId":"16wl9rl43kclfsr3joq99","protocol":"https","successCodes":[300,301],"url":"google.com","timeoutSeconds":3,"method":"GET","phone":"0546301714","state":"up","checkOutcome":{"error":false,"responseCode":301},"lastCheck":1674225700994}
{"checkId":"16wl9rl43kclfsr3joq99","protocol":"https","successCodes":[300,301],"url":"google.com","timeoutSeconds":3,"method":"GET","phone":"0546301714","state":"up","checkOutcome":{"error":false,"responseCode":301},"lastCheck":1674225761012}
{"checkId":"16wl9rl43kclfsr3joq99","protocol":"https","successCodes":[300,301],"url":"google.com","timeoutSeconds":3,"method":"GET","phone":"0546301714","state":"up","checkOutcome":{"error":false,"responseCode":301},"lastCheck":1674225820984}
{"checkId":"16wl9rl43kclfsr3joq99","protocol":"https","successCodes":[300,301],"url":"google.com","timeoutSeconds":3,"method":"GET","phone":"0546301714","state":"up","checkOutcome":{"error":false,"responseCode":301},"lastCheck":1674225881027}
{"checkId":"16wl9rl43kclfsr3joq99","protocol":"https","successCodes":[300,301],"url":"google.com","timeoutSeconds":3,"method":"GET","phone":"0546301714","state":"up","checkOutcome":{"error":false,"responseCode":301},"lastCheck":1674225941049}
{"checkId":"16wl9rl43kclfsr3joq99","protocol":"https","successCodes":[300,301],"url":"google.com","timeoutSeconds":3,"method":"GET","phone":"0546301714","state":"up","checkOutcome":{"error":false,"responseCode":301},"lastCheck":1674226000991}
{"checkId":"16wl9rl43kclfsr3joq99","protocol":"https","successCodes":[300,301],"url":"google.com","timeoutSeconds":3,"method":"GET","phone":"0546301714","state":"up","checkOutcome":{"error":false,"responseCode":301},"lastCheck":1674226061012}
{"checkId":"16wl9rl43kclfsr3joq99","protocol":"https","successCodes":[300,301],"url":"google.com","timeoutSeconds":3,"method":"GET","phone":"0546301714","state":"up","checkOutcome":{"error":false,"responseCode":301},"lastCheck":1674226122816}
{"checkId":"16wl9rl43kclfsr3joq99","protocol":"https","successCodes":[300,301],"url":"google.com","timeoutSeconds":3,"method":"GET","phone":"0546301714","state":"up","checkOutcome":{"error":false,"responseCode":301},"lastCheck":1674226181149}
{"checkId":"16wl9rl43kclfsr3joq99","protocol":"https","successCodes":[300,301],"url":"google.com","timeoutSeconds":3,"method":"GET","phone":"0546301714","state":"up","checkOutcome":{"error":false,"responseCode":301},"lastCheck":1674226241222}
{"checkId":"16wl9rl43kclfsr3joq99","protocol":"https","successCodes":[300,301],"url":"google.com","timeoutSeconds":3,"method":"GET","phone":"0546301714","state":"up","checkOutcome":{"error":false,"responseCode":301},"lastCheck":1674226301487}
{"checkId":"16wl9rl43kclfsr3joq99","protocol":"https","successCodes":[300,301],"url":"google.com","timeoutSeconds":3,"method":"GET","phone":"0546301714","state":"up","checkOutcome":{"error":false,"responseCode":301},"lastCheck":1674226361426}
{"checkId":"16wl9rl43kclfsr3joq99","protocol":"https","successCodes":[300,301],"url":"google.com","timeoutSeconds":3,"method":"GET","phone":"0546301714","state":"up","checkOutcome":{"error":false,"responseCode":301},"lastCheck":1674226422221}
{"checkId":"16wl9rl43kclfsr3joq99","protocol":"https","successCodes":[300,301],"url":"google.com","timeoutSeconds":3,"method":"GET","phone":"0546301714","state":"up","checkOutcome":{"error":false,"responseCode":301},"lastCheck":1674226481584}
{"checkId":"16wl9rl43kclfsr3joq99","protocol":"https","successCodes":[300,301],"url":"google.com","timeoutSeconds":3,"method":"GET","phone":"0546301714","state":"up","checkOutcome":{"error":false,"responseCode":301},"lastCheck":1674226542610}
{"checkId":"16wl9rl43kclfsr3joq99","protocol":"https","successCodes":[300,301],"url":"google.com","timeoutSeconds":3,"method":"GET","phone":"0546301714","state":"up","checkOutcome":{"error":false,"responseCode":301},"lastCheck":1674226603034}
{"checkId":"16wl9rl43kclfsr3joq99","protocol":"https","successCodes":[300,301],"url":"google.com","timeoutSeconds":3,"method":"GET","phone":"0546301714","state":"up","checkOutcome":{"error":false,"responseCode":301},"lastCheck":1674226662703}
{"checkId":"16wl9rl43kclfsr3joq99","protocol":"https","successCodes":[300,301],"url":"google.com","timeoutSeconds":3,"method":"GET","phone":"0546301714","state":"up","checkOutcome":{"error":false,"responseCode":301},"lastCheck":1674226721212}
{"checkId":"16wl9rl43kclfsr3joq99","protocol":"https","successCodes":[300,301],"url":"google.com","timeoutSeconds":3,"method":"GET","phone":"0546301714","state":"up","checkOutcome":{"error":false,"responseCode":301},"lastCheck":1674226781233}
{"checkId":"16wl9rl43kclfsr3joq99","protocol":"https","successCodes":[300,301],"url":"google.com","timeoutSeconds":3,"method":"GET","phone":"0546301714","state":"up","checkOutcome":{"error":false,"responseCode":301},"lastCheck":1674226841414}
{"checkId":"16wl9rl43kclfsr3joq99","protocol":"https","successCodes":[300,301],"url":"google.com","timeoutSeconds":3,"method":"GET","phone":"0546301714","state":"up","checkOutcome":{"error":false,"responseCode":301},"lastCheck":1674226901220}
{"checkId":"16wl9rl43kclfsr3joq99","protocol":"https","successCodes":[300,301],"url":"google.com","timeoutSeconds":3,"method":"GET","phone":"0546301714","state":"up","checkOutcome":{"error":false,"responseCode":301},"lastCheck":1674226961234}
{"checkId":"16wl9rl43kclfsr3joq99","protocol":"https","successCodes":[300,301],"url":"google.com","timeoutSeconds":3,"method":"GET","phone":"0546301714","state":"up","checkOutcome":{"error":false,"responseCode":301},"lastCheck":1674227022667}
{"checkId":"16wl9rl43kclfsr3joq99","protocol":"https","successCodes":[300,301],"url":"google.com","timeoutSeconds":3,"method":"GET","phone":"0546301714","state":"up","checkOutcome":{"error":false,"responseCode":301},"lastCheck":1674227082053}
{"checkId":"16wl9rl43kclfsr3joq99","protocol":"https","successCodes":[300,301],"url":"google.com","timeoutSeconds":3,"method":"GET","phone":"0546301714","state":"up","checkOutcome":{"error":false,"responseCode":301},"lastCheck":1674227141250}
{"checkId":"16wl9rl43kclfsr3joq99","protocol":"https","successCodes":[300,301],"url":"google.com","timeoutSeconds":3,"method":"GET","phone":"0546301714","state":"up","checkOutcome":{"error":false,"responseCode":301},"lastCheck":1674227201491}
{"checkId":"16wl9rl43kclfsr3joq99","protocol":"https","successCodes":[300,301],"url":"google.com","timeoutSeconds":3,"method":"GET","phone":"0546301714","state":"up","checkOutcome":{"error":false,"responseCode":301},"lastCheck":1674227262556}
{"checkId":"16wl9rl43kclfsr3joq99","protocol":"https","successCodes":[300,301],"url":"google.com","timeoutSeconds":3,"method":"GET","phone":"0546301714","state":"up","checkOutcome":{"error":false,"responseCode":301},"lastCheck":1674227321577}
{"checkId":"16wl9rl43kclfsr3joq99","protocol":"https","successCodes":[300,301],"url":"google.com","timeoutSeconds":3,"method":"GET","phone":"0546301714","state":"up","checkOutcome":{"error":false,"responseCode":301},"lastCheck":1674227381604}
{"checkId":"16wl9rl43kclfsr3joq99","protocol":"https","successCodes":[300,301],"url":"google.com","timeoutSeconds":3,"method":"GET","phone":"0546301714","state":"up","checkOutcome":{"error":false,"responseCode":301},"lastCheck":1674227441422}
{"checkId":"16wl9rl43kclfsr3joq99","protocol":"https","successCodes":[300,301],"url":"google.com","timeoutSeconds":3,"method":"GET","phone":"0546301714","state":"up","checkOutcome":{"error":false,"responseCode":301},"lastCheck":1674227501235}
{"checkId":"16wl9rl43kclfsr3joq99","protocol":"https","successCodes":[300,301],"url":"google.com","timeoutSeconds":3,"method":"GET","phone":"0546301714","state":"up","checkOutcome":{"error":false,"responseCode":301},"lastCheck":1674227562988}
{"checkId":"16wl9rl43kclfsr3joq99","protocol":"https","successCodes":[300,301],"url":"google.com","timeoutSeconds":3,"method":"GET","phone":"0546301714","state":"up","checkOutcome":{"error":false,"responseCode":301},"lastCheck":1674227621737}
{"checkId":"16wl9rl43kclfsr3joq99","protocol":"https","successCodes":[300,301],"url":"google.com","timeoutSeconds":3,"method":"GET","phone":"0546301714","state":"up","checkOutcome":{"error":false,"responseCode":301},"lastCheck":1674227681864}
{"checkId":"16wl9rl43kclfsr3joq99","protocol":"https","successCodes":[300,301],"url":"google.com","timeoutSeconds":3,"method":"GET","phone":"0546301714","state":"up","checkOutcome":{"error":false,"responseCode":301},"lastCheck":1674227741223}
{"checkId":"16wl9rl43kclfsr3joq99","protocol":"https","successCodes":[300,301],"url":"google.com","timeoutSeconds":3,"method":"GET","phone":"0546301714","state":"up","checkOutcome":{"error":false,"responseCode":301},"lastCheck":1674227801440}
{"checkId":"16wl9rl43kclfsr3joq99","protocol":"https","successCodes":[300,301],"url":"google.com","timeoutSeconds":3,"method":"GET","phone":"0546301714","state":"up","checkOutcome":{"error":false,"responseCode":301},"lastCheck":1674227861855}
{"checkId":"16wl9rl43kclfsr3joq99","protocol":"https","successCodes":[300,301],"url":"google.com","timeoutSeconds":3,"method":"GET","phone":"0546301714","state":"up","checkOutcome":{"error":false,"responseCode":301},"lastCheck":1674227922818}
{"checkId":"16wl9rl43kclfsr3joq99","protocol":"https","successCodes":[300,301],"url":"google.com","timeoutSeconds":3,"method":"GET","phone":"0546301714","state":"up","checkOutcome":{"error":false,"responseCode":301},"lastCheck":1674227982496}
{"checkId":"16wl9rl43kclfsr3joq99","protocol":"https","successCodes":[300,301],"url":"google.com","timeoutSeconds":3,"method":"GET","phone":"0546301714","state":"up","checkOutcome":{"error":false,"responseCode":301},"lastCheck":1674228041491}
{"checkId":"16wl9rl43kclfsr3joq99","protocol":"https","successCodes":[300,301],"url":"google.com","timeoutSeconds":3,"method":"GET","phone":"0546301714","state":"up","checkOutcome":{"error":false,"responseCode":301},"lastCheck":1674228101737}
{"checkId":"16wl9rl43kclfsr3joq99","protocol":"https","successCodes":[300,301],"url":"google.com","timeoutSeconds":3,"method":"GET","phone":"0546301714","state":"up","checkOutcome":{"error":false,"responseCode":301},"lastCheck":1674228162258}
{"checkId":"16wl9rl43kclfsr3joq99","protocol":"https","successCodes":[300,301],"url":"google.com","timeoutSeconds":3,"method":"GET","phone":"0546301714","state":"up","checkOutcome":{"error":false,"responseCode":301},"lastCheck":1674228221325}
{"checkId":"16wl9rl43kclfsr3joq99","protocol":"https","successCodes":[300,301],"url":"google.com","timeoutSeconds":3,"method":"GET","phone":"0546301714","state":"up","checkOutcome":{"error":false,"responseCode":301},"lastCheck":1674228281610}
{"checkId":"16wl9rl43kclfsr3joq99","protocol":"https","successCodes":[300,301],"url":"google.com","timeoutSeconds":3,"method":"GET","phone":"0546301714","state":"up","checkOutcome":{"error":false,"responseCode":301},"lastCheck":1674228341871}
{"checkId":"16wl9rl43kclfsr3joq99","protocol":"https","successCodes":[300,301],"url":"google.com","timeoutSeconds":3,"method":"GET","phone":"0546301714","state":"up","checkOutcome":{"error":false,"responseCode":301},"lastCheck":1674228401539}
{"checkId":"16wl9rl43kclfsr3joq99","protocol":"https","successCodes":[300,301],"url":"google.com","timeoutSeconds":3,"method":"GET","phone":"0546301714","state":"up","checkOutcome":{"error":false,"responseCode":301},"lastCheck":1674228463940}
{"checkId":"16wl9rl43kclfsr3joq99","protocol":"https","successCodes":[300,301],"url":"google.com","timeoutSeconds":3,"method":"GET","phone":"0546301714","state":"up","checkOutcome":{"error":false,"responseCode":301},"lastCheck":1674228521547}
{"checkId":"16wl9rl43kclfsr3joq99","protocol":"https","successCodes":[300,301],"url":"google.com","timeoutSeconds":3,"method":"GET","phone":"0546301714","state":"up","checkOutcome":{"error":false,"responseCode":301},"lastCheck":1674228581634}
{"checkId":"16wl9rl43kclfsr3joq99","protocol":"https","successCodes":[300,301],"url":"google.com","timeoutSeconds":3,"method":"GET","phone":"0546301714","state":"up","checkOutcome":{"error":false,"responseCode":301},"lastCheck":1674228641672}
{"checkId":"16wl9rl43kclfsr3joq99","protocol":"https","successCodes":[300,301],"url":"google.com","timeoutSeconds":3,"method":"GET","phone":"0546301714","state":"up","checkOutcome":{"error":false,"responseCode":301},"lastCheck":1674228701756}
{"checkId":"16wl9rl43kclfsr3joq99","protocol":"https","successCodes":[300,301],"url":"google.com","timeoutSeconds":3,"method":"GET","phone":"0546301714","state":"up","checkOutcome":{"error":false,"responseCode":301},"lastCheck":1674228761957}
{"checkId":"16wl9rl43kclfsr3joq99","protocol":"https","successCodes":[300,301],"url":"google.com","timeoutSeconds":3,"method":"GET","phone":"0546301714","state":"down","checkOutcome":{"error":{"error":true,"value":{"errno":-3008,"code":"ENOTFOUND","syscall":"getaddrinfo","hostname":"google.com"}},"responseCode":false},"lastCheck":1674243086845}
{"checkId":"16wl9rl43kclfsr3joq99","protocol":"https","successCodes":[300,301],"url":"google.com","timeoutSeconds":3,"method":"GET","phone":"0546301714","state":"up","checkOutcome":{"error":false,"responseCode":301},"lastCheck":1674243148057}
{"checkId":"16wl9rl43kclfsr3joq99","protocol":"https","successCodes":[300,301],"url":"google.com","timeoutSeconds":3,"method":"GET","phone":"0546301714","state":"down","checkOutcome":{"error":{"error":true,"value":{"errno":-4039,"code":"ETIMEDOUT","syscall":"connect","address":"216.58.223.206","port":443}},"responseCode":false},"lastCheck":1674243227913}
{"checkId":"16wl9rl43kclfsr3joq99","protocol":"https","successCodes":[300,301],"url":"google.com","timeoutSeconds":3,"method":"GET","phone":"0546301714","state":"up","checkOutcome":{"error":false,"responseCode":301},"lastCheck":1674243267812}
{"checkId":"16wl9rl43kclfsr3joq99","protocol":"https","successCodes":[300,301],"url":"google.com","timeoutSeconds":3,"method":"GET","phone":"0546301714","state":"up","checkOutcome":{"error":false,"responseCode":301},"lastCheck":1674243327884}
{"checkId":"16wl9rl43kclfsr3joq99","protocol":"https","successCodes":[300,301],"url":"google.com","timeoutSeconds":3,"method":"GET","phone":"0546301714","state":"up","checkOutcome":{"error":false,"responseCode":301},"lastCheck":1674243389456}
{"checkId":"16wl9rl43kclfsr3joq99","protocol":"https","successCodes":[300,301],"url":"google.com","timeoutSeconds":3,"method":"GET","phone":"0546301714","state":"up","checkOutcome":{"error":false,"responseCode":301},"lastCheck":1674243448624}
{"checkId":"16wl9rl43kclfsr3joq99","protocol":"https","successCodes":[300,301],"url":"google.com","timeoutSeconds":3,"method":"GET","phone":"0546301714","state":"up","checkOutcome":{"error":false,"responseCode":301},"lastCheck":1674243508006}
{"checkId":"16wl9rl43kclfsr3joq99","protocol":"https","successCodes":[300,301],"url":"google.com","timeoutSeconds":3,"method":"GET","phone":"0546301714","state":"up","checkOutcome":{"error":false,"responseCode":301},"lastCheck":1674243567964}
{"checkId":"16wl9rl43kclfsr3joq99","protocol":"https","successCodes":[300,301],"url":"google.com","timeoutSeconds":3,"method":"GET","phone":"0546301714","state":"up","checkOutcome":{"error":false,"responseCode":301},"lastCheck":1674243628252}
{"checkId":"16wl9rl43kclfsr3joq99","protocol":"https","successCodes":[300,301],"url":"google.com","timeoutSeconds":3,"method":"GET","phone":"0546301714","state":"up","checkOutcome":{"error":false,"responseCode":301},"lastCheck":1674243687925}
{"checkId":"16wl9rl43kclfsr3joq99","protocol":"https","successCodes":[300,301],"url":"google.com","timeoutSeconds":3,"method":"GET","phone":"0546301714","state":"up","checkOutcome":{"error":false,"responseCode":301},"lastCheck":1674243748063}
{"checkId":"16wl9rl43kclfsr3joq99","protocol":"https","successCodes":[300,301],"url":"google.com","timeoutSeconds":3,"method":"GET","phone":"0546301714","state":"up","checkOutcome":{"error":false,"responseCode":301},"lastCheck":1674243808051}
{"checkId":"16wl9rl43kclfsr3joq99","protocol":"https","successCodes":[300,301],"url":"google.com","timeoutSeconds":3,"method":"GET","phone":"0546301714","state":"up","checkOutcome":{"error":false,"responseCode":301},"lastCheck":1674243868025}
{"checkId":"16wl9rl43kclfsr3joq99","protocol":"https","successCodes":[300,301],"url":"google.com","timeoutSeconds":3,"method":"GET","phone":"0546301714","state":"up","checkOutcome":{"error":false,"responseCode":301},"lastCheck":1674243928007}
{"checkId":"16wl9rl43kclfsr3joq99","protocol":"https","successCodes":[300,301],"url":"google.com","timeoutSeconds":3,"method":"GET","phone":"0546301714","state":"up","checkOutcome":{"error":false,"responseCode":301},"lastCheck":1674243988244}
{"checkId":"16wl9rl43kclfsr3joq99","protocol":"https","successCodes":[300,301],"url":"google.com","timeoutSeconds":3,"method":"GET","phone":"0546301714","state":"up","checkOutcome":{"error":false,"responseCode":301},"lastCheck":1674244048364}
{"checkId":"16wl9rl43kclfsr3joq99","protocol":"https","successCodes":[300,301],"url":"google.com","timeoutSeconds":3,"method":"GET","phone":"0546301714","state":"up","checkOutcome":{"error":false,"responseCode":301},"lastCheck":1674244109377}
{"checkId":"16wl9rl43kclfsr3joq99","protocol":"https","successCodes":[300,301],"url":"google.com","timeoutSeconds":3,"method":"GET","phone":"0546301714","state":"up","checkOutcome":{"error":false,"responseCode":301},"lastCheck":1674244168208}
{"checkId":"16wl9rl43kclfsr3joq99","protocol":"https","successCodes":[300,301],"url":"google.com","timeoutSeconds":3,"method":"GET","phone":"0546301714","state":"up","checkOutcome":{"error":false,"responseCode":301},"lastCheck":1674244228153}
{"checkId":"16wl9rl43kclfsr3joq99","protocol":"https","successCodes":[300,301],"url":"google.com","timeoutSeconds":3,"method":"GET","phone":"0546301714","state":"up","checkOutcome":{"error":false,"responseCode":301},"lastCheck":1674244288235}
{"checkId":"16wl9rl43kclfsr3joq99","protocol":"https","successCodes":[300,301],"url":"google.com","timeoutSeconds":3,"method":"GET","phone":"0546301714","state":"up","checkOutcome":{"error":false,"responseCode":301},"lastCheck":1674244348165}
{"checkId":"16wl9rl43kclfsr3joq99","protocol":"https","successCodes":[300,301],"url":"google.com","timeoutSeconds":3,"method":"GET","phone":"0546301714","state":"up","checkOutcome":{"error":false,"responseCode":301},"lastCheck":1674244408455}
{"checkId":"16wl9rl43kclfsr3joq99","protocol":"https","successCodes":[300,301],"url":"google.com","timeoutSeconds":3,"method":"GET","phone":"0546301714","state":"up","checkOutcome":{"error":false,"responseCode":301},"lastCheck":1674244468504}
{"checkId":"16wl9rl43kclfsr3joq99","protocol":"https","successCodes":[300,301],"url":"google.com","timeoutSeconds":3,"method":"GET","phone":"0546301714","state":"up","checkOutcome":{"error":false,"responseCode":301},"lastCheck":1674244528190}
{"checkId":"16wl9rl43kclfsr3joq99","protocol":"https","successCodes":[300,301],"url":"google.com","timeoutSeconds":3,"method":"GET","phone":"0546301714","state":"up","checkOutcome":{"error":false,"responseCode":301},"lastCheck":1674244588426}
{"checkId":"16wl9rl43kclfsr3joq99","protocol":"https","successCodes":[300,301],"url":"google.com","timeoutSeconds":3,"method":"GET","phone":"0546301714","state":"up","checkOutcome":{"error":false,"responseCode":301},"lastCheck":1674244648313}
{"checkId":"16wl9rl43kclfsr3joq99","protocol":"https","successCodes":[300,301],"url":"google.com","timeoutSeconds":3,"method":"GET","phone":"0546301714","state":"up","checkOutcome":{"error":false,"responseCode":301},"lastCheck":1674244708304}
{"checkId":"16wl9rl43kclfsr3joq99","protocol":"https","successCodes":[300,301],"url":"google.com","timeoutSeconds":3,"method":"GET","phone":"0546301714","state":"up","checkOutcome":{"error":false,"responseCode":301},"lastCheck":1674244828381}
{"checkId":"16wl9rl43kclfsr3joq99","protocol":"https","successCodes":[300,301],"url":"google.com","timeoutSeconds":3,"method":"GET","phone":"0546301714","state":"up","checkOutcome":{"error":false,"responseCode":301},"lastCheck":1674244888545}
{"checkId":"16wl9rl43kclfsr3joq99","protocol":"https","successCodes":[300,301],"url":"google.com","timeoutSeconds":3,"method":"GET","phone":"0546301714","state":"down","checkOutcome":{"error":{"error":true,"value":{"errno":-4077,"code":"ECONNRESET","syscall":"read"}},"responseCode":false},"lastCheck":1674244925690}
{"checkId":"16wl9rl43kclfsr3joq99","protocol":"https","successCodes":[300,301],"url":"google.com","timeoutSeconds":3,"method":"GET","phone":"0546301714","state":"up","checkOutcome":{"error":false,"responseCode":301},"lastCheck":1674244948615}
{"checkId":"16wl9rl43kclfsr3joq99","protocol":"https","successCodes":[300,301],"url":"google.com","timeoutSeconds":3,"method":"GET","phone":"0546301714","state":"up","checkOutcome":{"error":false,"responseCode":301},"lastCheck":1674245008871}
{"checkId":"16wl9rl43kclfsr3joq99","protocol":"https","successCodes":[300,301],"url":"google.com","timeoutSeconds":3,"method":"GET","phone":"0546301714","state":"up","checkOutcome":{"error":false,"responseCode":301},"lastCheck":1674245068410}
{"checkId":"16wl9rl43kclfsr3joq99","protocol":"https","successCodes":[300,301],"url":"google.com","timeoutSeconds":3,"method":"GET","phone":"0546301714","state":"up","checkOutcome":{"error":false,"responseCode":301},"lastCheck":1674245128423}
{"checkId":"16wl9rl43kclfsr3joq99","protocol":"https","successCodes":[300,301],"url":"google.com","timeoutSeconds":3,"method":"GET","phone":"0546301714","state":"up","checkOutcome":{"error":false,"responseCode":301},"lastCheck":1674245188369}
{"checkId":"16wl9rl43kclfsr3joq99","protocol":"https","successCodes":[300,301],"url":"google.com","timeoutSeconds":3,"method":"GET","phone":"0546301714","state":"up","checkOutcome":{"error":false,"responseCode":301},"lastCheck":1674245248368}
{"checkId":"16wl9rl43kclfsr3joq99","protocol":"https","successCodes":[300,301],"url":"google.com","timeoutSeconds":3,"method":"GET","phone":"0546301714","state":"up","checkOutcome":{"error":false,"responseCode":301},"lastCheck":1674245308408}
{"checkId":"16wl9rl43kclfsr3joq99","protocol":"https","successCodes":[300,301],"url":"google.com","timeoutSeconds":3,"method":"GET","phone":"0546301714","state":"up","checkOutcome":{"error":false,"responseCode":301},"lastCheck":1674245369105}
{"checkId":"16wl9rl43kclfsr3joq99","protocol":"https","successCodes":[300,301],"url":"google.com","timeoutSeconds":3,"method":"GET","phone":"0546301714","state":"up","checkOutcome":{"error":false,"responseCode":301},"lastCheck":1674245428874}
{"checkId":"16wl9rl43kclfsr3joq99","protocol":"https","successCodes":[300,301],"url":"google.com","timeoutSeconds":3,"method":"GET","phone":"0546301714","state":"up","checkOutcome":{"error":false,"responseCode":301},"lastCheck":1674245488428}
{"checkId":"16wl9rl43kclfsr3joq99","protocol":"https","successCodes":[300,301],"url":"google.com","timeoutSeconds":3,"method":"GET","phone":"0546301714","state":"up","checkOutcome":{"error":false,"responseCode":301},"lastCheck":1674245548447}
{"checkId":"16wl9rl43kclfsr3joq99","protocol":"https","successCodes":[300,301],"url":"google.com","timeoutSeconds":3,"method":"GET","phone":"0546301714","state":"up","checkOutcome":{"error":false,"responseCode":301},"lastCheck":1674245608545}
{"checkId":"16wl9rl43kclfsr3joq99","protocol":"https","successCodes":[300,301],"url":"google.com","timeoutSeconds":3,"method":"GET","phone":"0546301714","state":"up","checkOutcome":{"error":false,"responseCode":301},"lastCheck":1674245668503}
{"checkId":"16wl9rl43kclfsr3joq99","protocol":"https","successCodes":[300,301],"url":"google.com","timeoutSeconds":3,"method":"GET","phone":"0546301714","state":"up","checkOutcome":{"error":false,"responseCode":301},"lastCheck":1674245728576}
{"checkId":"16wl9rl43kclfsr3joq99","protocol":"https","successCodes":[300,301],"url":"google.com","timeoutSeconds":3,"method":"GET","phone":"0546301714","state":"up","checkOutcome":{"error":false,"responseCode":301},"lastCheck":1674245788839}
{"checkId":"16wl9rl43kclfsr3joq99","protocol":"https","successCodes":[300,301],"url":"google.com","timeoutSeconds":3,"method":"GET","phone":"0546301714","state":"up","checkOutcome":{"error":false,"responseCode":301},"lastCheck":1674245848530}
{"checkId":"16wl9rl43kclfsr3joq99","protocol":"https","successCodes":[300,301],"url":"google.com","timeoutSeconds":3,"method":"GET","phone":"0546301714","state":"up","checkOutcome":{"error":false,"responseCode":301},"lastCheck":1674245908628}
{"checkId":"16wl9rl43kclfsr3joq99","protocol":"https","successCodes":[300,301],"url":"google.com","timeoutSeconds":3,"method":"GET","phone":"0546301714","state":"up","checkOutcome":{"error":false,"responseCode":301},"lastCheck":1674245968765}
{"checkId":"16wl9rl43kclfsr3joq99","protocol":"https","successCodes":[300,301],"url":"google.com","timeoutSeconds":3,"method":"GET","phone":"0546301714","state":"up","checkOutcome":{"error":false,"responseCode":301},"lastCheck":1674246028573}
{"checkId":"16wl9rl43kclfsr3joq99","protocol":"https","successCodes":[300,301],"url":"google.com","timeoutSeconds":3,"method":"GET","phone":"0546301714","state":"up","checkOutcome":{"error":false,"responseCode":301},"lastCheck":1674246088563}
{"checkId":"16wl9rl43kclfsr3joq99","protocol":"https","successCodes":[300,301],"url":"google.com","timeoutSeconds":3,"method":"GET","phone":"0546301714","state":"up","checkOutcome":{"error":false,"responseCode":301},"lastCheck":1674246148515}
{"checkId":"16wl9rl43kclfsr3joq99","protocol":"https","successCodes":[300,301],"url":"google.com","timeoutSeconds":3,"method":"GET","phone":"0546301714","state":"up","checkOutcome":{"error":false,"responseCode":301},"lastCheck":1674246208681}
{"checkId":"16wl9rl43kclfsr3joq99","protocol":"https","successCodes":[300,301],"url":"google.com","timeoutSeconds":3,"method":"GET","phone":"0546301714","state":"up","checkOutcome":{"error":false,"responseCode":301},"lastCheck":1674246268575}
{"checkId":"16wl9rl43kclfsr3joq99","protocol":"https","successCodes":[300,301],"url":"google.com","timeoutSeconds":3,"method":"GET","phone":"0546301714","state":"up","checkOutcome":{"error":false,"responseCode":301},"lastCheck":1674246328598}
{"checkId":"16wl9rl43kclfsr3joq99","protocol":"https","successCodes":[300,301],"url":"google.com","timeoutSeconds":3,"method":"GET","phone":"0546301714","state":"up","checkOutcome":{"error":false,"responseCode":301},"lastCheck":1674246388600}
{"checkId":"16wl9rl43kclfsr3joq99","protocol":"https","successCodes":[300,301],"url":"google.com","timeoutSeconds":3,"method":"GET","phone":"0546301714","state":"up","checkOutcome":{"error":false,"responseCode":301},"lastCheck":1674246449714}
{"checkId":"16wl9rl43kclfsr3joq99","protocol":"https","successCodes":[300,301],"url":"google.com","timeoutSeconds":3,"method":"GET","phone":"0546301714","state":"up","checkOutcome":{"error":false,"responseCode":301},"lastCheck":1674246508586}
{"checkId":"16wl9rl43kclfsr3joq99","protocol":"https","successCodes":[300,301],"url":"google.com","timeoutSeconds":3,"method":"GET","phone":"0546301714","state":"up","checkOutcome":{"error":false,"responseCode":301},"lastCheck":1674246569006}
{"checkId":"16wl9rl43kclfsr3joq99","protocol":"https","successCodes":[300,301],"url":"google.com","timeoutSeconds":3,"method":"GET","phone":"0546301714","state":"up","checkOutcome":{"error":false,"responseCode":301},"lastCheck":1674246628579}
{"checkId":"16wl9rl43kclfsr3joq99","protocol":"https","successCodes":[300,301],"url":"google.com","timeoutSeconds":3,"method":"GET","phone":"0546301714","state":"up","checkOutcome":{"error":false,"responseCode":301},"lastCheck":1674246688639}
{"checkId":"16wl9rl43kclfsr3joq99","protocol":"https","successCodes":[300,301],"url":"google.com","timeoutSeconds":3,"method":"GET","phone":"0546301714","state":"up","checkOutcome":{"error":false,"responseCode":301},"lastCheck":1674246748787}
{"checkId":"16wl9rl43kclfsr3joq99","protocol":"https","successCodes":[300,301],"url":"google.com","timeoutSeconds":3,"method":"GET","phone":"0546301714","state":"up","checkOutcome":{"error":false,"responseCode":301},"lastCheck":1674246808756}
{"checkId":"16wl9rl43kclfsr3joq99","protocol":"https","successCodes":[300,301],"url":"google.com","timeoutSeconds":3,"method":"GET","phone":"0546301714","state":"up","checkOutcome":{"error":false,"responseCode":301},"lastCheck":1674246868779}
{"checkId":"16wl9rl43kclfsr3joq99","protocol":"https","successCodes":[300,301],"url":"google.com","timeoutSeconds":3,"method":"GET","phone":"0546301714","state":"up","checkOutcome":{"error":false,"responseCode":301},"lastCheck":1674246928806}
{"checkId":"16wl9rl43kclfsr3joq99","protocol":"https","successCodes":[300,301],"url":"google.com","timeoutSeconds":3,"method":"GET","phone":"0546301714","state":"up","checkOutcome":{"error":false,"responseCode":301},"lastCheck":1674246989786}
{"checkId":"16wl9rl43kclfsr3joq99","protocol":"https","successCodes":[300,301],"url":"google.com","timeoutSeconds":3,"method":"GET","phone":"0546301714","state":"up","checkOutcome":{"error":false,"responseCode":301},"lastCheck":1674247048725}
{"checkId":"16wl9rl43kclfsr3joq99","protocol":"https","successCodes":[300,301],"url":"google.com","timeoutSeconds":3,"method":"GET","phone":"0546301714","state":"up","checkOutcome":{"error":false,"responseCode":301},"lastCheck":1674247109223}
{"checkId":"16wl9rl43kclfsr3joq99","protocol":"https","successCodes":[300,301],"url":"google.com","timeoutSeconds":3,"method":"GET","phone":"0546301714","state":"up","checkOutcome":{"error":false,"responseCode":301},"lastCheck":1674247169079}
{"checkId":"16wl9rl43kclfsr3joq99","protocol":"https","successCodes":[300,301],"url":"google.com","timeoutSeconds":3,"method":"GET","phone":"0546301714","state":"up","checkOutcome":{"error":false,"responseCode":301},"lastCheck":1674247229952}
{"checkId":"16wl9rl43kclfsr3joq99","protocol":"https","successCodes":[300,301],"url":"google.com","timeoutSeconds":3,"method":"GET","phone":"0546301714","state":"up","checkOutcome":{"error":false,"responseCode":301},"lastCheck":1674247289498}
{"checkId":"16wl9rl43kclfsr3joq99","protocol":"https","successCodes":[300,301],"url":"google.com","timeoutSeconds":3,"method":"GET","phone":"0546301714","state":"up","checkOutcome":{"error":false,"responseCode":301},"lastCheck":1674247348853}
{"checkId":"16wl9rl43kclfsr3joq99","protocol":"https","successCodes":[300,301],"url":"google.com","timeoutSeconds":3,"method":"GET","phone":"0546301714","state":"up","checkOutcome":{"error":false,"responseCode":301},"lastCheck":1674247408867}
